[ 2016-06-16T06:21:08+08:00 ] 121.42.0.33 /
INFO: [ app_init ] --START--
INFO: Run Behavior\BuildLiteBehavior [ RunTime:0.000014s ]
INFO: [ app_init ] --END-- [ RunTime:0.000096s ]
INFO: [ app_begin ] --START--
INFO: Run Behavior\ReadHtmlCacheBehavior [ RunTime:0.000059s ]
INFO: [ app_begin ] --END-- [ RunTime:0.000088s ]
SQL: SHOW COLUMNS FROM `zz_banner` [ RunTime:0.0007s ]
SQL: SELECT * FROM `zz_banner` WHERE ( `rank` > 0 AND `rank` < 6  ) ORDER BY rank asc  [ RunTime:0.0001s ]
SQL: SHOW COLUMNS FROM `zz_product` [ RunTime:0.0005s ]
SQL: SELECT * FROM `zz_product` WHERE ( `rank` > 0 AND `rank` < 7  ) ORDER BY rank asc  [ RunTime:0.0001s ]
INFO: [ view_parse ] --START--
INFO: [ template_filter ] --START--
INFO: Run Behavior\ContentReplaceBehavior [ RunTime:0.000049s ]
INFO: [ template_filter ] --END-- [ RunTime:0.000084s ]
INFO: Run Behavior\ParseTemplateBehavior [ RunTime:0.004151s ]
INFO: [ view_parse ] --END-- [ RunTime:0.004192s ]
INFO: [ view_filter ] --START--
INFO: Run Behavior\WriteHtmlCacheBehavior [ RunTime:0.000044s ]
INFO: [ view_filter ] --END-- [ RunTime:0.000064s ]
INFO: [ app_end ] --START--
INFO: Run Behavior\ShowPageTraceBehavior [ RunTime:0.000042s ]
INFO: [ app_end ] --END-- [ RunTime:0.000080s ]

